<?xml version="1.0" encoding="UTF-8"?>
<!-- Generated by org.testng.reporters.JUnitXMLReporter -->
<testsuite ignored="0" hostname="zenbook" failures="0" tests="5" name="Default test" time="0.078" errors="0" timestamp="2025-01-03T15:19:25 IST">
  <testcase classname="streams" name="collectStream" time="0.017"/>
  <testcase classname="streams" name="joinStreams" time="0.006"/>
  <testcase classname="streams" name="regular" time="0.002"/>
  <testcase classname="streams" name="streamFilter" time="0.011"/>
  <testcase classname="streams" name="streamMap" time="0.003"/>
</testsuite> <!-- Default test -->
