<?xml version="1.0" encoding="UTF-8"?>
<testng-results ignored="0" total="5" passed="5" failed="0" skipped="0">
  <reporter-output>
  </reporter-output>
  <suite started-at="2025-01-03T15:19:25 IST" name="Default suite" finished-at="2025-01-03T15:19:25 IST" duration-ms="78">
    <groups>
    </groups>
    <test started-at="2025-01-03T15:19:25 IST" name="Default test" finished-at="2025-01-03T15:19:25 IST" duration-ms="78">
      <class name="streams">
        <test-method signature="collectStream()[pri:0, instance:streams@38d8f54a]" started-at="2025-01-03T15:19:25 IST" name="collectStream" finished-at="2025-01-03T15:19:25 IST" duration-ms="17" status="PASS">
          <reporter-output>
          </reporter-output>
        </test-method> <!-- collectStream -->
        <test-method signature="joinStreams()[pri:0, instance:streams@38d8f54a]" started-at="2025-01-03T15:19:25 IST" name="joinStreams" finished-at="2025-01-03T15:19:25 IST" duration-ms="6" status="PASS">
          <reporter-output>
          </reporter-output>
        </test-method> <!-- joinStreams -->
        <test-method signature="regular()[pri:0, instance:streams@38d8f54a]" started-at="2025-01-03T15:19:25 IST" name="regular" finished-at="2025-01-03T15:19:25 IST" duration-ms="2" status="PASS">
          <reporter-output>
          </reporter-output>
        </test-method> <!-- regular -->
        <test-method signature="streamFilter()[pri:0, instance:streams@38d8f54a]" started-at="2025-01-03T15:19:25 IST" name="streamFilter" finished-at="2025-01-03T15:19:25 IST" duration-ms="11" status="PASS">
          <reporter-output>
          </reporter-output>
        </test-method> <!-- streamFilter -->
        <test-method signature="streamMap()[pri:0, instance:streams@38d8f54a]" started-at="2025-01-03T15:19:25 IST" name="streamMap" finished-at="2025-01-03T15:19:25 IST" duration-ms="3" status="PASS">
          <reporter-output>
          </reporter-output>
        </test-method> <!-- streamMap -->
      </class> <!-- streams -->
    </test> <!-- Default test -->
  </suite> <!-- Default suite -->
</testng-results>
